2025-04-01 09:12:10,373 - INFO - Dell5 Dramatic Task Service: Initialization started.
2025-04-01 09:12:48,990 - INFO - Dell5 Dramatic Task Service: Initialization started.
2025-04-01 09:12:49,146 - INFO - Dell5 Dramatic Task Service: Initialization started.
2025-04-01 09:12:49,146 - INFO - Service is now running.
2025-04-01 09:12:49,146 - INFO - Starting Dramatiq worker process...
2025-04-01 09:14:41,190 - INFO - PSG Dramatic Task Service: Initialization started.
2025-04-01 09:14:41,305 - INFO - Service is shutting down...
2025-04-01 09:14:41,305 - INFO - Service stopped successfully.
2025-04-01 09:14:41,305 - INFO - Stopping subprocess...
2025-04-01 09:14:41,386 - INFO - Subprocess Stopped Successfully.
2025-04-01 09:14:41,386 - INFO - Service stopped successfully.
2025-04-01 17:20:13,023 - INFO - PSG Dramatic Task Service: Initialization started.
2025-04-01 17:20:14,131 - INFO - PSG Dramatic Task Service: Initialization started.
2025-04-01 17:20:14,131 - INFO - Service is now running.
2025-04-01 17:20:14,141 - INFO - Starting Dramatiq worker process...
2025-04-01 17:21:09,462 - INFO - PSG Dramatic Task Service: Initialization started.
2025-04-01 17:21:09,561 - INFO - Service is shutting down...
2025-04-01 17:21:09,561 - INFO - Service stopped successfully.
2025-04-01 17:21:09,561 - INFO - Stopping subprocess...
2025-04-01 17:21:09,576 - INFO - Subprocess Stopped Successfully.
2025-04-01 17:21:09,576 - INFO - Service stopped successfully.
2025-04-01 17:21:12,358 - INFO - PSG Dramatic Task Service: Initialization started.
2025-04-01 17:21:12,561 - INFO - PSG Dramatic Task Service: Initialization started.
2025-04-01 17:21:12,561 - INFO - Service is now running.
2025-04-01 17:21:12,561 - INFO - Starting Dramatiq worker process...
2025-04-01 17:49:52,518 - INFO - PSG Dramatic Task Service: Initialization started.
2025-04-01 17:49:52,644 - INFO - Service is shutting down...
2025-04-01 17:49:52,644 - INFO - Service stopped successfully.
2025-04-01 17:49:52,644 - INFO - Stopping subprocess...
2025-04-01 17:49:52,662 - INFO - Subprocess Stopped Successfully.
2025-04-01 17:49:52,662 - INFO - Service stopped successfully.
2025-04-01 18:04:52,924 - INFO - PSG Dramatic Task Service: Initialization started.
2025-04-01 18:04:53,157 - INFO - PSG Dramatic Task Service: Initialization started.
2025-04-01 18:04:53,173 - INFO - Service is now running.
2025-04-01 18:04:53,173 - INFO - Starting Dramatiq worker process...
2025-04-02 10:45:20,888 - INFO - Service is shutting down...
2025-04-02 10:45:20,888 - INFO - Service stopped successfully.
2025-04-02 10:45:20,888 - INFO - Stopping subprocess...
2025-04-02 10:45:21,147 - INFO - Subprocess Stopped Successfully.
2025-04-02 10:45:21,147 - INFO - Service stopped successfully.
2025-04-02 10:45:38,742 - INFO - PSG Dramatic Task Service: Initialization started.
2025-04-02 10:45:38,742 - INFO - Service is now running.
2025-04-02 10:45:38,742 - INFO - Starting Dramatiq worker process...
2025-04-02 10:50:16,884 - INFO - Service is shutting down...
2025-04-02 10:50:16,884 - INFO - Service stopped successfully.
2025-04-02 10:50:16,884 - INFO - Stopping subprocess...
2025-04-02 10:50:16,976 - INFO - Subprocess Stopped Successfully.
2025-04-02 10:50:16,976 - INFO - Service stopped successfully.
2025-04-02 10:50:40,956 - INFO - PSG Dramatic Task Service: Initialization started.
2025-04-02 10:50:40,956 - INFO - Service is now running.
2025-04-02 10:50:40,956 - INFO - Starting Dramatiq worker process...
2025-04-02 10:52:51,033 - INFO - Service is shutting down...
2025-04-02 10:52:51,033 - INFO - Service stopped successfully.
2025-04-02 10:52:51,033 - INFO - Stopping subprocess...
2025-04-02 10:52:51,148 - INFO - Subprocess Stopped Successfully.
2025-04-02 10:52:51,148 - INFO - Service stopped successfully.
2025-04-02 10:53:12,254 - INFO - PSG Dramatic Task Service: Initialization started.
2025-04-02 10:53:30,334 - INFO - PSG Dramatic Task Service: Initialization started.
2025-04-02 10:53:30,511 - INFO - PSG Dramatic Task Service: Initialization started.
2025-04-02 10:53:30,511 - INFO - Service is now running.
2025-04-02 10:53:30,511 - INFO - Starting Dramatiq worker process...
